<?xml version="1.0" encoding="UTF-8"?>
<testsuite name="Cucumber" time="28.381" tests="2" skipped="0" failures="0" errors="0">
<testcase classname="Login" name="Successfully login into Saucedemo - #1.1" time="14.477">
<system-out><![CDATA[
Given user is on login page.................................................passed
When user enters username "standard_user" and password "secret_sauce" and click on login button.passed
Then user logout............................................................passed
]]></system-out>
</testcase>
<testcase classname="Login" name="Successfully login into Saucedemo - #1.2" time="13.69">
<system-out><![CDATA[
Given user is on login page.................................................passed
When user enters username "problem_user" and password "secret_sauce" and click on login button.passed
Then user logout............................................................passed
]]></system-out>
</testcase>
</testsuite>
